<?xml version="1.0" encoding="UTF-8"?>
<!-- Generated by org.testng.reporters.JUnitXMLReporter -->
<testsuite hostname="Sai" ignored="0" name="Default test" tests="2" failures="0" timestamp="2021-04-01T17:35:14 IST" time="1.977" errors="0">
  <testcase name="@BeforeSuite start" time="-1.617278712556E9" classname="base.TestBase">
    <failure type="org.testng.TestNGException" message="
Parameter &amp;apos;browser&amp;apos; is required by BeforeSuite on method start but has not been marked @Optional or defined
in C:\Users\saiprasad\AppData\Local\Temp\testng-eclipse-809564495\testng-customsuite.xml">
      <![CDATA[org.testng.TestNGException: 
Parameter 'browser' is required by BeforeSuite on method start but has not been marked @Optional or defined
in C:\Users\saiprasad\AppData\Local\Temp\testng-eclipse-809564495\testng-customsuite.xml
at org.testng.internal.Parameters.createParams(Parameters.java:268)
at org.testng.internal.Parameters.createParametersForMethod(Parameters.java:356)
at org.testng.internal.Parameters.createParameters(Parameters.java:700)
at org.testng.internal.Parameters.createConfigurationParameters(Parameters.java:166)
at org.testng.internal.ConfigInvoker.invokeConfigurations(ConfigInvoker.java:301)
at org.testng.SuiteRunner.privateRun(SuiteRunner.java:327)
at org.testng.SuiteRunner.run(SuiteRunner.java:286)
at org.testng.SuiteRunnerWorker.runSuite(SuiteRunnerWorker.java:53)
at org.testng.SuiteRunnerWorker.run(SuiteRunnerWorker.java:96)
at org.testng.TestNG.runSuitesSequentially(TestNG.java:1218)
at org.testng.TestNG.runSuitesLocally(TestNG.java:1140)
at org.testng.TestNG.runSuites(TestNG.java:1069)
at org.testng.TestNG.run(TestNG.java:1037)
at org.testng.remote.AbstractRemoteTestNG.run(AbstractRemoteTestNG.java:115)
at org.testng.remote.RemoteTestNG.initAndRun(RemoteTestNG.java:251)
at org.testng.remote.RemoteTestNG.main(RemoteTestNG.java:77)
]]>
    </failure>
  </testcase> <!-- @BeforeSuite start -->
  <testcase name="@BeforeTest getdriver" time="-1.617278712585E9" classname="base.TestBase">
    <skipped/>
  </testcase> <!-- @BeforeTest getdriver -->
  <testcase name="@BeforeClass browserSetup" time="-1.61727871262E9" classname="base.TestBase">
    <skipped/>
  </testcase> <!-- @BeforeClass browserSetup -->
  <testcase name="@AfterMethod takescreenshot" time="-1.61727871453E9" classname="base.TestBase">
    <skipped/>
  </testcase> <!-- @AfterMethod takescreenshot -->
  <testcase name="@AfterMethod takescreenshot" time="-1.61727871454E9" classname="base.TestBase">
    <skipped/>
  </testcase> <!-- @AfterMethod takescreenshot -->
  <testcase name="Valid_And_Invalid_Login" time="0.0" classname="TestPages.ProductPurchase">
    <skipped/>
  </testcase> <!-- Valid_And_Invalid_Login -->
  <testcase name="Valid_And_Invalid_Login" time="0.0" classname="TestPages.ProductPurchase">
    <skipped/>
  </testcase> <!-- Valid_And_Invalid_Login -->
</testsuite> <!-- Default test -->
